<?xml version="1.0" encoding="UTF-8"?>
<!-- Generated by org.testng.reporters.JUnitXMLReporter -->
<testsuite ignored="5" hostname="User" failures="1" tests="8" name="Test" time="64.952" errors="0" timestamp="2021-04-24T11:55:00 EDT">
  <testcase classname="testNG.AssertionConcept" name="negativeLoginTest" time="1.94"/>
  <testcase classname="testNG.HomePageLinksFunctionlityTesting" name="signOnLinkTest" time="1.209">
    <failure type="java.lang.AssertionError" message="expected [Sign-0n: Mercury Tours] but found [Sign-on: Mercury Tours]">
      <![CDATA[java.lang.AssertionError: expected [Sign-0n: Mercury Tours] but found [Sign-on: Mercury Tours]
at testNG.HomePageLinksFunctionlityTesting.signOnLinkTest(HomePageLinksFunctionlityTesting.java:34)
at java.base/java.util.ArrayList.forEach(ArrayList.java:1511)
... Removed 33 stack frames]]>
    </failure>
  </testcase> <!-- signOnLinkTest -->
  <testcase classname="testNG.HomePageLinksFunctionlityTesting" name="signOnPageMsgTest" time="0.965"/>
  <testcase classname="testNG.HomePageLinksFunctionlityTesting" name="signOnPageUrlTest" time="0.774"/>
  <testcase classname="testNG.DataDrivenWithTestNG" name="positiveLoginTest" time="2.76"/>
  <testcase classname="testNG.DataDrivenWithTestNG" name="positiveLoginTest" time="1.635"/>
  <testcase classname="testNG.DataDrivenWithTestNG" name="positiveLoginTest" time="1.5"/>
  <testcase classname="testNG.DataDrivenWithTestNG" name="positiveLoginTest" time="1.498"/>
  <testcase classname="testNG.HomePageLinksFunctionlityTesting" name="supportLinkTest" time="0.0">
    <ignored/>
  </testcase> <!-- supportLinkTest -->
  <testcase classname="testNG.DataDrivenWithTestNG" name="negativeLoginTest" time="0.0">
    <ignored/>
  </testcase> <!-- negativeLoginTest -->
  <testcase classname="testNG.AssertionConcept" name="positiveLoginTest" time="0.0">
    <ignored/>
  </testcase> <!-- positiveLoginTest -->
  <testcase classname="testNG.HomePageLinksFunctionlityTesting" name="registerLinkTest" time="0.0">
    <ignored/>
  </testcase> <!-- registerLinkTest -->
  <testcase classname="testNG.HomePageLinksFunctionlityTesting" name="contactLinkTest" time="0.0">
    <ignored/>
  </testcase> <!-- contactLinkTest -->
</testsuite> <!-- Test -->
