<?xml version="1.0" encoding="UTF-8"?>
<!-- Generated by org.testng.reporters.JUnitXMLReporter -->
<testsuite ignored="0" hostname="User" failures="1" tests="23" name="RegressionTest" time="199.486" errors="0" timestamp="2021-04-24T10:28:28 EDT">
  <testcase classname="testNG.DifferentKeywordsInTestNG" name="signOnPageTitleVerification" time="1.388"/>
  <testcase classname="testNG.DifferentKeywordsInTestNG" name="signOnPageUrlVerification" time="0.956"/>
  <testcase classname="testNG.DifferentKeywordsInTestNG" name="registerPageTitleVerification" time="1.038"/>
  <testcase classname="testNG.DifferentKeywordsInTestNG" name="registerPageUrlVerification" time="1.13"/>
  <testcase classname="testNG.DifferentKeywordsInTestNG" name="homePageTitleVerification" time="0.018"/>
  <testcase classname="testNG.DifferentKeywordsInTestNG" name="homePageUrlVerification" time="0.037"/>
  <testcase classname="testNG.DifferentKeywordsInTestNG" name="signOnFromHomePage" time="10.014">
    <failure type="org.testng.internal.thread.ThreadTimeoutException" message="Method testNG.DifferentKeywordsInTestNG.signOnFromHomePage() didn&amp;apos;t finish within the time-out 10000">
      <![CDATA[org.testng.internal.thread.ThreadTimeoutException: Method testNG.DifferentKeywordsInTestNG.signOnFromHomePage() didn't finish within the time-out 10000
at java.base/java.util.ArrayList.forEach(ArrayList.java:1511)
... Removed 24 stack frames]]>
    </failure>
  </testcase> <!-- signOnFromHomePage -->
  <testcase classname="testNG.DifferentKeywordsInTestNG" name="signOnFromSignOnPage" time="0.0">
    <skipped/>
  </testcase> <!-- signOnFromSignOnPage -->
  <testcase classname="testNG.TestNGFirstScript" name="negativeLoginTest" time="2.133"/>
  <testcase classname="testNG.TestNGFirstScript" name="positiveLoginTest" time="1.959"/>
  <testcase classname="testNG.AnnotationsSequenceOfExecution" name="test1" time="0.002"/>
  <testcase classname="testNG.AnnotationsSequenceOfExecution" name="test2" time="0.003"/>
  <testcase classname="testNG.AnnotationsSequenceOfExecution" name="test3" time="0.005"/>
  <testcase classname="testNG.AssertionConcept" name="negativeLoginTest" time="1.618"/>
  <testcase classname="testNG.AssertionConcept" name="positiveLoginTest" time="1.491"/>
  <testcase classname="testNG.DataDrivenWithTestNG" name="negativeLoginTest" time="1.524"/>
  <testcase classname="testNG.DataDrivenWithTestNG" name="negativeLoginTest" time="1.437"/>
  <testcase classname="testNG.DataDrivenWithTestNG" name="negativeLoginTest" time="8.246"/>
  <testcase classname="testNG.DataDrivenWithTestNG" name="negativeLoginTest" time="2.562"/>
  <testcase classname="testNG.DataDrivenWithTestNG" name="positiveLoginTest" time="1.997"/>
  <testcase classname="testNG.DataDrivenWithTestNG" name="positiveLoginTest" time="2.35"/>
  <testcase classname="testNG.DataDrivenWithTestNG" name="positiveLoginTest" time="2.431"/>
  <testcase classname="testNG.DataDrivenWithTestNG" name="positiveLoginTest" time="1.786"/>
</testsuite> <!-- RegressionTest -->
