<?xml version="1.0" encoding="UTF-8"?>
<!-- Generated by org.testng.reporters.JUnitReportReporter -->
<testsuite hostname="User" failures="0" tests="8" name="testNG.DifferentKeywordsInTestNG" time="228.889" errors="1" timestamp="2021-04-24T10:51:01 EDT" skipped="1">
  <testcase classname="testNG.DifferentKeywordsInTestNG" name="signOnPageTitleVerification" time="56.357"/>
  <system-out/>
  <testcase classname="testNG.DifferentKeywordsInTestNG" name="signOnPageUrlVerification" time="22.628"/>
  <system-out/>
  <testcase classname="testNG.DifferentKeywordsInTestNG" name="registerPageTitleVerification" time="21.336"/>
  <system-out/>
  <testcase classname="testNG.DifferentKeywordsInTestNG" name="registerPageUrlVerification" time="24.988"/>
  <system-out/>
  <testcase classname="testNG.DifferentKeywordsInTestNG" name="homePageTitleVerification" time="19.350"/>
  <system-out/>
  <testcase classname="testNG.DifferentKeywordsInTestNG" name="homePageUrlVerification" time="44.738"/>
  <system-out/>
  <testcase classname="testNG.DifferentKeywordsInTestNG" name="signOnFromHomePage" time="39.492">
    <error message="sleep interrupted" type="java.lang.InterruptedException">
      <![CDATA[java.lang.InterruptedException: sleep interrupted
at java.base/java.lang.Thread.sleep(Native Method)
at testNG.DifferentKeywordsInTestNG.signOnFromHomePage(DifferentKeywordsInTestNG.java:53)
at java.base/jdk.internal.reflect.NativeMethodAccessorImpl.invoke0(Native Method)
at java.base/jdk.internal.reflect.NativeMethodAccessorImpl.invoke(NativeMethodAccessorImpl.java:64)
at java.base/jdk.internal.reflect.DelegatingMethodAccessorImpl.invoke(DelegatingMethodAccessorImpl.java:43)
at java.base/java.lang.reflect.Method.invoke(Method.java:564)
at org.testng.internal.MethodInvocationHelper.invokeMethod(MethodInvocationHelper.java:132)
at org.testng.internal.InvokeMethodRunnable.runOne(InvokeMethodRunnable.java:45)
at org.testng.internal.InvokeMethodRunnable.call(InvokeMethodRunnable.java:73)
at org.testng.internal.InvokeMethodRunnable.run(InvokeMethodRunnable.java:33)
at org.testng.internal.MethodInvocationHelper.invokeWithTimeoutWithNoExecutor(MethodInvocationHelper.java:314)
at org.testng.internal.MethodInvocationHelper.invokeWithTimeout(MethodInvocationHelper.java:280)
at org.testng.internal.TestInvoker.invokeMethod(TestInvoker.java:605)
at org.testng.internal.TestInvoker.invokeTestMethod(TestInvoker.java:174)
at org.testng.internal.MethodRunner.runInSequence(MethodRunner.java:46)
at org.testng.internal.TestInvoker$MethodInvocationAgent.invoke(TestInvoker.java:822)
at org.testng.internal.TestInvoker.invokeTestMethods(TestInvoker.java:147)
at org.testng.internal.TestMethodWorker.invokeTestMethods(TestMethodWorker.java:146)
at org.testng.internal.TestMethodWorker.run(TestMethodWorker.java:128)
at java.base/java.util.concurrent.ThreadPoolExecutor.runWorker(ThreadPoolExecutor.java:1130)
at java.base/java.util.concurrent.ThreadPoolExecutor$Worker.run(ThreadPoolExecutor.java:630)
at java.base/java.lang.Thread.run(Thread.java:832)
]]>
    </error>
  </testcase> <!-- signOnFromHomePage -->
  <system-out/>
  <testcase classname="testNG.DifferentKeywordsInTestNG" name="signOnFromSignOnPage" time="0.000">
    <skipped/>
  </testcase> <!-- signOnFromSignOnPage -->
  <system-out/>
</testsuite> <!-- testNG.DifferentKeywordsInTestNG -->
